#
# There is insufficient memory for the Java Runtime Environment to continue.
# Native memory allocation (mmap) failed to map 333447168 bytes for Failed to commit area from 0x00000006c2000000 to 0x00000006d5e00000 of length 333447168.
# Possible reasons:
#   The system is out of physical RAM or swap space
#   The process is running with CompressedOops enabled, and the Java Heap may be blocking the growth of the native heap
# Possible solutions:
#   Reduce memory load on the system
#   Increase physical memory or swap space
#   Check if swap backing store is full
#   Decrease Java heap size (-Xmx/-Xms)
#   Decrease number of Java threads
#   Decrease Java thread stack sizes (-Xss)
#   Set larger code cache with -XX:ReservedCodeCacheSize=
# This output file may be truncated or incomplete.
#
#  Out of Memory Error (./src/hotspot/os/windows/os_windows.cpp:3511), pid=23044, tid=18904
#
# JRE version:  (11.0.11+9) (build )
# Java VM: OpenJDK 64-Bit Server VM (11.0.11+9-b1504.13, mixed mode, sharing, tiered, compressed oops, g1 gc, windows-amd64)
# No core dump will be written. Minidumps are not enabled by default on client versions of Windows
#

---------------  S U M M A R Y ------------

Command Line: git4idea.http.GitAskPassApp Username for 'https://github.com': 

Host: Intel(R) Core(TM) i5-6200U CPU @ 2.30GHz, 4 cores, 19G,  Windows 10 , 64 bit Build 19041 (10.0.19041.1151)
Time: Sun Aug 29 14:25:15 2021 Финляндия (лето) elapsed time: 0.020729 seconds (0d 0h 0m 0s)

---------------  T H R E A D  ---------------

Current thread (0x00000214f50de000):  JavaThread "Unknown thread" [_thread_in_vm, id=18904, stack(0x000000af20e00000,0x000000af20f00000)]

Stack: [0x000000af20e00000,0x000000af20f00000]
Native frames: (J=compiled Java code, j=interpreted, Vv=VM code, C=native code)
V  [jvm.dll+0x5f5d5a]
V  [jvm.dll+0x7798b5]
V  [jvm.dll+0x77aecd]
V  [jvm.dll+0x77b583]
V  [jvm.dll+0x244978]
V  [jvm.dll+0x5f3174]
V  [jvm.dll+0x5e7d55]
V  [jvm.dll+0x30068b]
V  [jvm.dll+0x3005fa]
V  [jvm.dll+0x3004d2]
V  [jvm.dll+0x3053c6]
V  [jvm.dll+0x34e0a3]
V  [jvm.dll+0x34e7a6]
V  [jvm.dll+0x34e1a3]
V  [jvm.dll+0x2db0c8]
V  [jvm.dll+0x2dc267]
V  [jvm.dll+0x758057]
V  [jvm.dll+0x75984c]
V  [jvm.dll+0x35b659]
V  [jvm.dll+0x73b67e]
V  [jvm.dll+0x3c39f3]
V  [jvm.dll+0x3c5dd1]
C  [jli.dll+0x5373]
C  [ucrtbase.dll+0x21bb2]
C  [KERNEL32.DLL+0x17034]
C  [ntdll.dll+0x52651]


---------------  P R O C E S S  ---------------

Threads class SMR info:
_java_thread_list=0x00000214f4fe5270, length=0, elements={
}

Java Threads: ( => current thread )

Other Threads:
  0x00000214f50f6000 GCTaskThread "GC Thread#0" [stack: 0x000000af20f00000,0x000000af21000000] [id=10976]
  0x00000214f5168800 ConcurrentGCThread "G1 Main Marker" [stack: 0x000000af21000000,0x000000af21100000] [id=1580]
  0x00000214f516b000 ConcurrentGCThread "G1 Conc#0" [stack: 0x000000af21100000,0x000000af21200000] [id=17748]

[error occurred during error reporting (printing all threads), id 0xc0000005, EXCEPTION_ACCESS_VIOLATION (0xc0000005) at pc=0x00007ffabe7eb8f7]

VM state:not at safepoint (not fully initialized)

VM Mutex/Monitor currently owned by a thread:  ([mutex/lock_event])
[0x00000214f50db240] Heap_lock - owner thread: 0x00000214f50de000

Heap address: 0x00000006c2000000, size: 5088 MB, Compressed Oops mode: Non-zero based: 0x00000006c2000000
Narrow klass base: 0x0000000000000000, Narrow klass shift: 0

GC Heap History (0 events):
No events

Deoptimization events (0 events):
No events

Classes redefined (0 events):
No events

Internal exceptions (0 events):
No events

Events (1 events):
Event: 0.013 Loaded shared library C:\Program Files\JetBrains\PhpStorm 2021.1.4\jbr\bin\zip.dll


Dynamic libraries:
0x00007ff617090000 - 0x00007ff61709a000 	C:\Program Files\JetBrains\PhpStorm 2021.1.4\jbr\bin\java.exe
0x00007ffb4ded0000 - 0x00007ffb4e0c5000 	C:\WINDOWS\SYSTEM32\ntdll.dll
0x00007ffb4dbb0000 - 0x00007ffb4dc6d000 	C:\WINDOWS\System32\KERNEL32.DLL
0x00007ffb4b7d0000 - 0x00007ffb4ba99000 	C:\WINDOWS\System32\KERNELBASE.dll
0x00007ffb4b6d0000 - 0x00007ffb4b7d0000 	C:\WINDOWS\System32\ucrtbase.dll
0x00007ffb370c0000 - 0x00007ffb370d7000 	C:\Program Files\JetBrains\PhpStorm 2021.1.4\jbr\bin\VCRUNTIME140.dll
0x00007ffb26d80000 - 0x00007ffb26d99000 	C:\Program Files\JetBrains\PhpStorm 2021.1.4\jbr\bin\jli.dll
0x00007ffb4dcf0000 - 0x00007ffb4de90000 	C:\WINDOWS\System32\USER32.dll
0x00007ffb37ff0000 - 0x00007ffb3828a000 	C:\WINDOWS\WinSxS\amd64_microsoft.windows.common-controls_6595b64144ccf1df_6.0.19041.1110_none_60b5254171f9507e\COMCTL32.dll
0x00007ffb4be00000 - 0x00007ffb4be22000 	C:\WINDOWS\System32\win32u.dll
0x00007ffb4d900000 - 0x00007ffb4d99e000 	C:\WINDOWS\System32\msvcrt.dll
0x00007ffb4d590000 - 0x00007ffb4d5ba000 	C:\WINDOWS\System32\GDI32.dll
0x00007ffb4bb00000 - 0x00007ffb4bc0b000 	C:\WINDOWS\System32\gdi32full.dll
0x00007ffb4b630000 - 0x00007ffb4b6cd000 	C:\WINDOWS\System32\msvcp_win.dll
0x00007ffb4d0e0000 - 0x00007ffb4d110000 	C:\WINDOWS\System32\IMM32.DLL
0x00007ffb11ea0000 - 0x00007ffb11f3d000 	C:\Program Files\JetBrains\PhpStorm 2021.1.4\jbr\bin\msvcp140.dll
0x00007ffabe500000 - 0x00007ffabf04a000 	C:\Program Files\JetBrains\PhpStorm 2021.1.4\jbr\bin\server\jvm.dll
0x00007ffb4c400000 - 0x00007ffb4c4ac000 	C:\WINDOWS\System32\ADVAPI32.dll
0x00007ffb4bf30000 - 0x00007ffb4bfcb000 	C:\WINDOWS\System32\sechost.dll
0x00007ffb4d6a0000 - 0x00007ffb4d7ca000 	C:\WINDOWS\System32\RPCRT4.dll
0x00007ffb4d0d0000 - 0x00007ffb4d0d8000 	C:\WINDOWS\System32\PSAPI.DLL
0x00007ffb35ce0000 - 0x00007ffb35d07000 	C:\WINDOWS\SYSTEM32\WINMM.dll
0x00007ffb42aa0000 - 0x00007ffb42aaa000 	C:\WINDOWS\SYSTEM32\VERSION.dll
0x00007ffb2fc40000 - 0x00007ffb2fc49000 	C:\WINDOWS\SYSTEM32\WSOCK32.dll
0x00007ffb4c4b0000 - 0x00007ffb4c51b000 	C:\WINDOWS\System32\WS2_32.dll
0x00007ffb49e50000 - 0x00007ffb49e62000 	C:\WINDOWS\SYSTEM32\kernel.appcore.dll
0x00007ffb44b40000 - 0x00007ffb44b51000 	C:\Program Files\JetBrains\PhpStorm 2021.1.4\jbr\bin\verify.dll
0x00007ffb36d00000 - 0x00007ffb36ee4000 	C:\WINDOWS\SYSTEM32\DBGHELP.DLL
0x00007ffb36b40000 - 0x00007ffb36b6c000 	C:\WINDOWS\SYSTEM32\dbgcore.DLL
0x00007ffb4bc10000 - 0x00007ffb4bc93000 	C:\WINDOWS\System32\bcryptPrimitives.dll
0x00007ffb153f0000 - 0x00007ffb15419000 	C:\Program Files\JetBrains\PhpStorm 2021.1.4\jbr\bin\java.dll
0x00007ffb44b30000 - 0x00007ffb44b3b000 	C:\Program Files\JetBrains\PhpStorm 2021.1.4\jbr\bin\jimage.dll
0x00007ffb2b610000 - 0x00007ffb2b628000 	C:\Program Files\JetBrains\PhpStorm 2021.1.4\jbr\bin\zip.dll

dbghelp: loaded successfully - version: 4.0.5 - missing functions: none
symbol engine: initialized successfully - sym options: 0x614 - pdb path: .;C:\Program Files\JetBrains\PhpStorm 2021.1.4\jbr\bin;C:\WINDOWS\SYSTEM32;C:\WINDOWS\WinSxS\amd64_microsoft.windows.common-controls_6595b64144ccf1df_6.0.19041.1110_none_60b5254171f9507e;C:\Program Files\JetBrains\PhpStorm 2021.1.4\jbr\bin\server

VM Arguments:
java_command: git4idea.http.GitAskPassApp Username for 'https://github.com': 
java_class_path (initial): C:/Program Files/JetBrains/PhpStorm 2021.1.4/plugins/git4idea/lib/git4idea-rt.jar;C:/Program Files/JetBrains/PhpStorm 2021.1.4/lib/3rd-party.jar
Launcher Type: SUN_STANDARD

[Global flags]
     intx CICompilerCount                          = 3                                         {product} {ergonomic}
     uint ConcGCThreads                            = 1                                         {product} {ergonomic}
     uint G1ConcRefinementThreads                  = 4                                         {product} {ergonomic}
   size_t G1HeapRegionSize                         = 1048576                                   {product} {ergonomic}
    uintx GCDrainStackTargetSize                   = 64                                        {product} {ergonomic}
   size_t InitialHeapSize                          = 333447168                                 {product} {ergonomic}
   size_t MarkStackSize                            = 4194304                                   {product} {ergonomic}
   size_t MaxHeapSize                              = 5335154688                                {product} {ergonomic}
   size_t MinHeapDeltaBytes                        = 1048576                                   {product} {ergonomic}
    uintx NonNMethodCodeHeapSize                   = 5830732                                {pd product} {ergonomic}
    uintx NonProfiledCodeHeapSize                  = 122913754                              {pd product} {ergonomic}
    uintx ProfiledCodeHeapSize                     = 122913754                              {pd product} {ergonomic}
    uintx ReservedCodeCacheSize                    = 251658240                              {pd product} {ergonomic}
     bool SegmentedCodeCache                       = true                                      {product} {ergonomic}
     bool UseCompressedClassPointers               = true                                 {lp64_product} {ergonomic}
     bool UseCompressedOops                        = true                                 {lp64_product} {ergonomic}
     bool UseG1GC                                  = true                                      {product} {ergonomic}
     bool UseLargePagesIndividualAllocation        = false                                  {pd product} {ergonomic}

Logging:
Log output configuration:
 #0: stdout all=warning uptime,level,tags
 #1: stderr all=off uptime,level,tags

Environment Variables:
PATH=C:/Program Files/Git/mingw64/libexec/git-core;C:/Program Files/Git/mingw64/libexec/git-core;C:\Program Files\Git\mingw64\bin;C:\Program Files\Git\usr\bin;C:\Users\kostya\bin;C:\Program Files\ImageMagick-7.0.10-Q16-HDRI;C:\Python38\Scripts\;C:\Python38\;C:\Program Files\Microsoft MPI\Bin\;C:\WINDOWS\system32;C:\WINDOWS;C:\WINDOWS\System32\Wbem;C:\WINDOWS\System32\WindowsPowerShell\v1.0\;C:\Program Files\Microsoft SQL Server\130\Tools\Binn\;C:\Program Files\dotnet\;C:\Program Files (x86)\Microsoft SQL Server\130\Tools\Binn\;C:\Program Files (x86)\Microsoft SQL Server\130\DTS\Binn\;C:\Program Files\Microsoft SQL Server\130\DTS\Binn\;C:\Program Files\Microsoft SQL Server\Client SDK\ODBC\130\Tools\Binn\;c:\Program Files\Python36\;C:\Program Files (x86)\Microsoft SQL Server\Client SDK\ODBC\130\Tools\Binn\;C:\Program Files (x86)\Microsoft SQL Server\140\Tools\Binn\;C:\Program Files (x86)\Microsoft SQL Server\140\DTS\Binn\;C:\Program Files (x86)\Microsoft SQL Server\140\Tools\Binn\ManagementStudio\;C:\WINDOWS\System32\OpenSSH\;C:\Program Files\Microsoft SQL Server\Client SDK\ODBC\170\Tools\Binn\;C:\Program Files\Intel\WiFi\bin\;C:\Program Files\Common Files\Intel\WirelessCommon\;C:\Program Files\nodejs\;C:\ProgramData\chocolatey\bin;C:\Program Files (x86)\Intel\Intel(R) Management Engine Components\DAL;C:\Program Files\Intel\Intel(R) Management Engine Components\DAL;C:\Program Files\Microsoft VS Code\bin;C:\composer;c:\OpenServer\OpenServer\modules\php\PHP_7.2;C:\Program Files\PuTTY\;C:\HashiCorp\Vagrant\bin;C:\src\flutter\flutter\bin;C:\Program Files (x86)\HP\Common\HPDestPlgIn\;C:\Program Files\Docker\Docker\resources\bin;C:\ProgramData\DockerDesktop\version-bin;C:\Program Files\Git\cmd;C:\Users\kostya\AppData\Local\Microsoft\WindowsApps;C:\Users\kostya\AppData\Roaming\Composer\vendor\bin;C:\wamp64\bin\php\php7.2.4;C:\Users\kostya\composer;C:\Users\kostya\AppData\Roaming\npm;C:\Users\kostya\AppData\Local\GitHubDesktop\bin
USERNAME=kostya
DISPLAY=:0.0
LC_ALL=en_US.UTF-8
OS=Windows_NT
PROCESSOR_IDENTIFIER=Intel64 Family 6 Model 78 Stepping 3, GenuineIntel



---------------  S Y S T E M  ---------------

OS: Windows 10 , 64 bit Build 19041 (10.0.19041.1151)
OS uptime: 3 days 20:12 hours
Hyper-V role detected

CPU:total 4 (initial active 4) (2 cores per cpu, 2 threads per core) family 6 model 78 stepping 3 microcode 0xea, cmov, cx8, fxsr, mmx, sse, sse2, sse3, ssse3, sse4.1, sse4.2, popcnt, avx, avx2, aes, clmul, erms, 3dnowpref, lzcnt, ht, tsc, tscinvbit, bmi1, bmi2, adx, fma

Memory: 4k page, system-wide physical 20351M (2918M free)
TotalPageFile size 20351M (AvailPageFile size 223M)
current process WorkingSet (physical memory assigned to process): 10M, peak: 10M
current process commit charge ("private bytes"): 52M, peak: 370M

vm_info: OpenJDK 64-Bit Server VM (11.0.11+9-b1504.13) for windows-amd64 JRE (11.0.11+9-b1504.13), built on Jul 18 2021 03:17:44 by "" with MS VC++ 14.0 (VS2015)

END.
